make: 进入目录“/home/lee/F907N”
make[1]: 进入目录“/home/lee/F907N/out”
  GEN     ./Makefile
/bin/sh: 1: /home/lee/F907N/toolchain/gcc/linux-x86/aarch64/aarch64-linux-android-4.9/bin/aarch64-linux-android-ld: not found
/bin/sh: 1: /home/lee/F907N/toolchain/gcc/linux-x86/aarch64/aarch64-linux-android-4.9/bin/aarch64-linux-android-ld: not found
  HOSTCC  scripts/basic/fixdep
/bin/sh: 1: /home/lee/F907N/toolchain/gcc/linux-x86/aarch64/aarch64-linux-android-4.9/bin/aarch64-linux-android-ld: not found
/bin/sh: 1: /home/lee/F907N/toolchain/gcc/linux-x86/aarch64/aarch64-linux-android-4.9/bin/aarch64-linux-android-ld: not found
  HOSTCC  scripts/kconfig/conf.o
  SHIPPED scripts/kconfig/zconf.tab.c
  SHIPPED scripts/kconfig/zconf.lex.c
  HOSTCC  scripts/kconfig/zconf.tab.o
  HOSTLD  scripts/kconfig/conf
drivers/samsung/debug/Kconfig:4:warning: ignoring type redefinition of 'SEC_DEBUG' from 'tristate' to 'boolean'
drivers/samsung/debug/Kconfig:30:warning: defaults for choice values not supported
drivers/samsung/debug/Kconfig:36:warning: defaults for choice values not supported
***
*** Can't find default configuration "arch/arm64/configs/vendor/y2q_chn_openx_defconfig"!
***
make[2]: *** [../scripts/kconfig/Makefile:133：vendor/y2q_chn_openx_defconfig] 错误 1
make[1]: *** [/home/lee/F907N/Makefile:551：vendor/y2q_chn_openx_defconfig] 错误 2
make[1]: 离开目录“/home/lee/F907N/out”
make: *** [Makefile:146：sub-make] 错误 2
make: 离开目录“/home/lee/F907N”
make: 进入目录“/home/lee/F907N”
make[1]: 进入目录“/home/lee/F907N/out”
/home/lee/F907N/toolchain/llvm-arm-toolchain-ship/10.0/bin/clang: No such file or directory
Is your PATH set correctly?
make[1]: secgetspf: 没有那个文件或目录
grep: .config: 没有那个文件或目录
grep: .config: 没有那个文件或目录
grep: .config: 没有那个文件或目录
grep: .config: 没有那个文件或目录
grep: .config: 没有那个文件或目录
grep: .config: 没有那个文件或目录
grep: .config: 没有那个文件或目录
grep: .config: 没有那个文件或目录
/home/lee/F907N/toolchain/llvm-arm-toolchain-ship/10.0/bin/clang: No such file or directory
Is your PATH set correctly?
/bin/sh: 1: /home/lee/F907N/toolchain/gcc/linux-x86/aarch64/aarch64-linux-android-4.9/bin/aarch64-linux-android-ld: not found
/bin/sh: 1: /home/lee/F907N/toolchain/gcc/linux-x86/aarch64/aarch64-linux-android-4.9/bin/aarch64-linux-android-ld: not found
/bin/sh: 1: /home/lee/F907N/toolchain/gcc/linux-x86/aarch64/aarch64-linux-android-4.9/bin/aarch64-linux-android-ld: not found
/bin/sh: 1: /home/lee/F907N/toolchain/gcc/linux-x86/aarch64/aarch64-linux-android-4.9/bin/aarch64-linux-android-ld: not found
  GEN     ./Makefile
/bin/sh: 1: /home/lee/F907N/toolchain/gcc/linux-x86/aarch64/aarch64-linux-android-4.9/bin/aarch64-linux-android-ld: not found
/bin/sh: 1: /home/lee/F907N/toolchain/gcc/linux-x86/aarch64/aarch64-linux-android-4.9/bin/aarch64-linux-android-ld: not found
scripts/kconfig/conf  --silentoldconfig Kconfig
drivers/samsung/debug/Kconfig:4:warning: ignoring type redefinition of 'SEC_DEBUG' from 'tristate' to 'boolean'
drivers/samsung/debug/Kconfig:30:warning: defaults for choice values not supported
drivers/samsung/debug/Kconfig:36:warning: defaults for choice values not supported
***
*** Configuration file ".config" not found!
***
*** Please run some configurator (e.g. "make oldconfig" or
*** "make menuconfig" or "make xconfig").
***
make[3]: *** [../scripts/kconfig/Makefile:40：silentoldconfig] 错误 1
make[2]: *** [../Makefile:551：silentoldconfig] 错误 2
make[1]: *** 没有规则可制作目标“include/config/auto.conf”，由“include/config/kernel.release” 需求。 停止。
make[1]: 离开目录“/home/lee/F907N/out”
make: *** [Makefile:146：sub-make] 错误 2
make: 离开目录“/home/lee/F907N”
make: 进入目录“/home/lee/F907N”
make[1]: 进入目录“/home/lee/F907N/out”
/bin/sh: 1: /home/lee/F907N/toolchain/gcc/linux-x86/aarch64/aarch64-linux-android-4.9/bin/aarch64-linux-android-ld: not found
/bin/sh: 1: /home/lee/F907N/toolchain/gcc/linux-x86/aarch64/aarch64-linux-android-4.9/bin/aarch64-linux-android-ld: not found
  GEN     ./Makefile
  HOSTCC  scripts/basic/fixdep
/bin/sh: 1: /home/lee/F907N/toolchain/gcc/linux-x86/aarch64/aarch64-linux-android-4.9/bin/aarch64-linux-android-ld: not found
/bin/sh: 1: /home/lee/F907N/toolchain/gcc/linux-x86/aarch64/aarch64-linux-android-4.9/bin/aarch64-linux-android-ld: not found
  HOSTCC  scripts/kconfig/conf.o
  HOSTCC  scripts/kconfig/zconf.tab.o
  HOSTLD  scripts/kconfig/conf
drivers/samsung/debug/Kconfig:4:warning: ignoring type redefinition of 'SEC_DEBUG' from 'tristate' to 'boolean'
drivers/samsung/debug/Kconfig:30:warning: defaults for choice values not supported
drivers/samsung/debug/Kconfig:36:warning: defaults for choice values not supported
***
*** Can't find default configuration "arch/arm64/configs/vendor/winnerx_kor_single_defconfig"!
***
make[2]: *** [../scripts/kconfig/Makefile:133：vendor/winnerx_kor_single_defconfig] 错误 1
make[1]: *** [/home/lee/F907N/Makefile:551：vendor/winnerx_kor_single_defconfig] 错误 2
make[1]: 离开目录“/home/lee/F907N/out”
make: *** [Makefile:146：sub-make] 错误 2
make: 离开目录“/home/lee/F907N”
make: 进入目录“/home/lee/F907N”
make[1]: 进入目录“/home/lee/F907N/out”
/home/lee/F907N/toolchain/llvm-arm-toolchain-ship/10.0/bin/clang: No such file or directory
Is your PATH set correctly?
make[1]: secgetspf: 没有那个文件或目录
grep: .config: 没有那个文件或目录
grep: .config: 没有那个文件或目录
grep: .config: 没有那个文件或目录
grep: .config: 没有那个文件或目录
grep: .config: 没有那个文件或目录
grep: .config: 没有那个文件或目录
grep: .config: 没有那个文件或目录
grep: .config: 没有那个文件或目录
/home/lee/F907N/toolchain/llvm-arm-toolchain-ship/10.0/bin/clang: No such file or directory
Is your PATH set correctly?
/bin/sh: 1: /home/lee/F907N/toolchain/gcc/linux-x86/aarch64/aarch64-linux-android-4.9/bin/aarch64-linux-android-ld: not found
/bin/sh: 1: /home/lee/F907N/toolchain/gcc/linux-x86/aarch64/aarch64-linux-android-4.9/bin/aarch64-linux-android-ld: not found
/bin/sh: 1: /home/lee/F907N/toolchain/gcc/linux-x86/aarch64/aarch64-linux-android-4.9/bin/aarch64-linux-android-ld: not found
/bin/sh: 1: /home/lee/F907N/toolchain/gcc/linux-x86/aarch64/aarch64-linux-android-4.9/bin/aarch64-linux-android-ld: not found
  GEN     ./Makefile
/bin/sh: 1: /home/lee/F907N/toolchain/gcc/linux-x86/aarch64/aarch64-linux-android-4.9/bin/aarch64-linux-android-ld: not found
/bin/sh: 1: /home/lee/F907N/toolchain/gcc/linux-x86/aarch64/aarch64-linux-android-4.9/bin/aarch64-linux-android-ld: not found
scripts/kconfig/conf  --silentoldconfig Kconfig
drivers/samsung/debug/Kconfig:4:warning: ignoring type redefinition of 'SEC_DEBUG' from 'tristate' to 'boolean'
drivers/samsung/debug/Kconfig:30:warning: defaults for choice values not supported
drivers/samsung/debug/Kconfig:36:warning: defaults for choice values not supported
***
*** Configuration file ".config" not found!
***
*** Please run some configurator (e.g. "make oldconfig" or
*** "make menuconfig" or "make xconfig").
***
make[3]: *** [../scripts/kconfig/Makefile:40：silentoldconfig] 错误 1
make[2]: *** [../Makefile:551：silentoldconfig] 错误 2
make[1]: *** 没有规则可制作目标“include/config/auto.conf”，由“include/config/kernel.release” 需求。 停止。
make[1]: 离开目录“/home/lee/F907N/out”
make: *** [Makefile:146：sub-make] 错误 2
make: 离开目录“/home/lee/F907N”
make: 进入目录“/home/lee/F907N”
make[1]: 进入目录“/home/lee/F907N/out”
  GEN     ./Makefile
drivers/samsung/debug/Kconfig:4:warning: ignoring type redefinition of 'SEC_DEBUG' from 'tristate' to 'boolean'
drivers/samsung/debug/Kconfig:30:warning: defaults for choice values not supported
drivers/samsung/debug/Kconfig:36:warning: defaults for choice values not supported
***
*** Can't find default configuration "arch/arm64/configs/vendor/winnerx_kor_single_defconfig"!
***
make[2]: *** [../scripts/kconfig/Makefile:133：vendor/winnerx_kor_single_defconfig] 错误 1
make[1]: *** [/home/lee/F907N/Makefile:551：vendor/winnerx_kor_single_defconfig] 错误 2
make[1]: 离开目录“/home/lee/F907N/out”
make: *** [Makefile:146：sub-make] 错误 2
make: 离开目录“/home/lee/F907N”
make: 进入目录“/home/lee/F907N”
make[1]: 进入目录“/home/lee/F907N/out”
make[1]: secgetspf: 没有那个文件或目录
  CHK     include/config/kernel.release
  UPD     include/config/kernel.release
  GEN     ./Makefile
  CHK     include/generated/uapi/linux/version.h
  CHK     include/generated/utsrelease.h
  UPD     include/generated/utsrelease.h
  Using .. as source for kernel
  CC      scripts/mod/empty.o
  CC      scripts/mod/devicetable-offsets.s
  MKELF   scripts/mod/elfconfig.h
  CHK     scripts/mod/devicetable-offsets.h
  HOSTCC  scripts/mod/modpost.o
  HOSTCC  scripts/mod/sumversion.o
  HOSTCC  scripts/mod/file2alias.o
  HOSTLD  scripts/mod/modpost
  CHK     include/generated/timeconst.h
  CC      kernel/bounds.s
  CHK     include/generated/bounds.h
  CC      arch/arm64/kernel/asm-offsets.s
  GEN     scripts/gdb/linux/constants.py
  CHK     include/generated/asm-offsets.h
  CALL    ../scripts/checksyscalls.sh
  LDS     arch/arm64/kernel/vdso/vdso.lds
  VDSOA   arch/arm64/kernel/vdso/gettimeofday.o
  VDSOA   arch/arm64/kernel/vdso/note.o
  VDSOA   arch/arm64/kernel/vdso/sigreturn.o
  LD      arch/arm64/kernel/vdso/vdso.so.dbg
  VDSOSYM include/generated/vdso-offsets.h
  AS      usr/initramfs_data.o
  CC      init/main.o
  CHK     include/generated/compile.h
  CC      init/do_mounts.o
  CC      init/do_mounts_initrd.o
  CC      init/do_mounts_md.o
  CC      init/do_mounts_dm.o
  CC      init/noinitramfs.o
  CC      init/initramfs.o
  CC      init/calibrate.o
  AR      usr/built-in.o
  UPD     include/generated/compile.h
  CC      init/init_task.o
  CC      arch/arm64/mm/dma-mapping.o
  CC      arch/arm64/net/bpf_jit_comp.o
  CC      arch/arm64/kernel/debug-monitors.o
  CC      arch/arm64/xen/../../arm/xen/enlighten.o
  CC      arch/arm64/mm/extable.o
  AS      arch/arm64/kernel/entry.o
  CC      arch/arm64/crypto/first_file_asm.o
  CC      arch/arm64/crypto/last_file_asm.o
  CC      certs/system_keyring.o
make[2]: *** 没有规则可制作目标“debian/canonical-certs.pem”，由“certs/x509_certificate_list” 需求。 停止。
make[2]: *** 正在等待未完成的任务....
  AR      arch/arm64/crypto/built-in.o
  CC      arch/arm64/xen/../../arm/xen/grant-table.o
  CC      init/version.o
  CC      kernel/fork.o
  CC      arch/arm64/kernel/irq.o
  CC      arch/arm64/mm/fault.o
  CC      mm/filemap.o
../arch/arm64/mm/dma-mapping.c:711:22: warning: unused function '__atomic_get_pages' [-Wunused-function]
error, forbidden warning: dma-mapping.c:711
make[2]: *** [../scripts/Makefile.build:361：arch/arm64/mm/dma-mapping.o] 错误 1
make[2]: *** 正在等待未完成的任务....
  CC      arch/arm64/xen/../../arm/xen/p2m.o
  CC      mm/mempool.o
  CC      fs/open.o
  CC      ipc/compat.o
  CC      arch/arm64/kernel/fpsimd.o
  CC      kernel/exec_domain.o
make[1]: *** [/home/lee/F907N/Makefile:1237：certs] 错误 2
make[1]: *** 正在等待未完成的任务....
  CC      ipc/util.o
  AR      init/mounts.o
  AR      init/built-in.o
  CC      arch/arm64/xen/../../arm/xen/mm.o
In file included from ../kernel/fork.c:105:
../include/trace/events/sched.h:269:2: error: "Unsupported NR_CPUS for lb tracepoint."
#error "Unsupported NR_CPUS for lb tracepoint."
 ^
1 error generated.
make[2]: *** [../scripts/Makefile.build:361：kernel/fork.o] 错误 1
make[2]: *** 正在等待未完成的任务....
  CC      fs/read_write.o
make[1]: *** [/home/lee/F907N/Makefile:1237：arch/arm64/mm] 错误 2
  CC      mm/oom_kill.o
  AS      arch/arm64/kernel/entry-fpsimd.o
make[1]: *** [/home/lee/F907N/Makefile:1237：kernel] 错误 2
  CC      ipc/msgutil.o
  CC      mm/maccess.o
  CC      ipc/msg.o
  CC      arch/arm64/kernel/process.o
  CC      mm/page_alloc.o
  AS      arch/arm64/xen/hypercall.o
  CC      arch/arm64/xen/../../arm/xen/efi.o
  CC      fs/file_table.o
  CC      arch/arm64/kernel/ptrace.o
  AR      arch/arm64/net/built-in.o
  CC      mm/page-writeback.o
  AR      arch/arm64/xen/xen-arm.o
  AR      arch/arm64/xen/built-in.o
  CC      fs/super.o
../mm/page_alloc.c:7859:11: error: no member named 'cma_alloc' in 'struct zone'
        cc.zone->cma_alloc = 1;
        ~~~~~~~  ^
../mm/page_alloc.c:7942:11: error: no member named 'cma_alloc' in 'struct zone'
        cc.zone->cma_alloc = 0;
        ~~~~~~~  ^
2 errors generated.
make[2]: *** [../scripts/Makefile.build:361：mm/page_alloc.o] 错误 1
  CC      arch/arm64/kernel/setup.o
make[2]: *** 正在等待未完成的任务....
  CC      fs/char_dev.o
  CC      fs/stat.o
  CC      ipc/sem.o
  CC      arch/arm64/kernel/signal.o
  CC      ipc/shm.o
  CC      fs/exec.o
  CC      arch/arm64/kernel/sys.o
  CC      ipc/syscall.o
  CC      fs/pipe.o
  CC      arch/arm64/kernel/stacktrace.o
In file included from ../fs/exec.c:74:
../include/trace/events/sched.h:269:2: error: "Unsupported NR_CPUS for lb tracepoint."
#error "Unsupported NR_CPUS for lb tracepoint."
 ^
1 error generated.
make[2]: *** [../scripts/Makefile.build:361：fs/exec.o] 错误 1
make[2]: *** 正在等待未完成的任务....
  CC      ipc/ipc_sysctl.o
  CC      arch/arm64/kernel/time.o
  CC      ipc/mqueue.o
  CC      arch/arm64/kernel/traps.o
  CC      ipc/namespace.o
  CC      arch/arm64/kernel/io.o
  CC      ipc/mq_sysctl.o
  CC      arch/arm64/kernel/vdso.o
  AS      arch/arm64/kernel/hyp-stub.o
  CC      arch/arm64/kernel/psci.o
../arch/arm64/kernel/traps.c:278:2: error: implicit declaration of function 'sec_debug_sched_msg' [-Werror,-Wimplicit-function-declaration]
        sec_debug_sched_msg("!!die!!");
        ^
../arch/arm64/kernel/traps.c:279:2: error: implicit declaration of function 'sec_debug_summary_save_die_info' [-Werror,-Wimplicit-function-declaration]
        sec_debug_summary_save_die_info(str, regs);
        ^
../arch/arm64/kernel/traps.c:789:2: error: implicit declaration of function 'sec_debug_save_badmode_info' [-Werror,-Wimplicit-function-declaration]
        sec_debug_save_badmode_info(reason, handler[reason],
        ^
3 errors generated.
make[2]: *** [../scripts/Makefile.build:361：arch/arm64/kernel/traps.o] 错误 1
make[2]: *** 正在等待未完成的任务....
make[1]: *** [/home/lee/F907N/Makefile:1237：arch/arm64/kernel] 错误 2
make[1]: *** [/home/lee/F907N/Makefile:1237：fs] 错误 2
make[1]: *** [/home/lee/F907N/Makefile:1237：mm] 错误 2
  AR      ipc/built-in.o
make[1]: 离开目录“/home/lee/F907N/out”
make: *** [Makefile:146：sub-make] 错误 2
make: 离开目录“/home/lee/F907N”
